<?xml version="1.0" encoding="UTF-8"?>
<!-- Generated by org.testng.reporters.JUnitReportReporter -->
<testsuite hostname="VAIO" name="tests.NewTest" tests="1" failures="0" timestamp="27 Dec 2018 14:44:17 GMT" time="42.502" errors="0">
  <testcase name="main" time="42.502" classname="tests.NewTest"/>
</testsuite> <!-- tests.NewTest -->
